[2024-02-03 19:17:52,668: INFO: server: Started server process [16160]]
[2024-02-03 19:17:52,668: INFO: on: Waiting for application startup.]
[2024-02-03 19:17:52,668: INFO: on: Application startup complete.]
[2024-02-03 19:17:52,668: INFO: server: Uvicorn running on http://0.0.0.0:8080 (Press CTRL+C to quit)]
[2024-02-03 19:44:10,800: INFO: server: Started server process [11900]]
[2024-02-03 19:44:10,800: INFO: on: Waiting for application startup.]
[2024-02-03 19:44:10,800: INFO: on: Application startup complete.]
[2024-02-03 19:44:10,800: INFO: server: Uvicorn running on http://0.0.0.0:8080 (Press CTRL+C to quit)]
[2024-02-03 19:45:17,138: INFO: utils: NumExpr defaulting to 8 threads.]
[2024-02-03 19:45:21,026: INFO: config: PyTorch version 2.2.0 available.]
[2024-02-03 19:45:23,687: INFO: main: >>>>>> stage Data Ingestion stage started <<<<<<]
[2024-02-03 19:45:23,691: INFO: common: yaml file: config\config.yaml loaded successfully]
[2024-02-03 19:45:23,694: INFO: common: yaml file: params.yaml loaded successfully]
[2024-02-03 19:45:23,694: INFO: common: created directory at: artifacts]
[2024-02-03 19:45:23,695: INFO: common: created directory at: artifacts/data_ingestion]
[2024-02-03 19:45:39,497: INFO: data_ingestion: artifacts/data_ingestion/data.zip download! with following info: 
Connection: close
Content-Length: 7903594
Cache-Control: max-age=300
Content-Security-Policy: default-src 'none'; style-src 'unsafe-inline'; sandbox
Content-Type: application/zip
ETag: "dbc016a060da18070593b83afff580c9b300f0b6ea4147a7988433e04df246ca"
Strict-Transport-Security: max-age=31536000
X-Content-Type-Options: nosniff
X-Frame-Options: deny
X-XSS-Protection: 1; mode=block
X-GitHub-Request-Id: 9660:0C91:50872E:60EF53:65BE4A7B
Accept-Ranges: bytes
Date: Sat, 03 Feb 2024 14:15:37 GMT
Via: 1.1 varnish
X-Served-By: cache-maa10237-MAA
X-Cache: MISS
X-Cache-Hits: 0
X-Timer: S1706969725.531472,VS0,VE12849
Vary: Authorization,Accept-Encoding,Origin
Access-Control-Allow-Origin: *
Cross-Origin-Resource-Policy: cross-origin
X-Fastly-Request-ID: a6187a2291d6ca27f27677683fce8852351c1dae
Expires: Sat, 03 Feb 2024 14:20:37 GMT
Source-Age: 12

]
[2024-02-03 19:45:39,636: INFO: main: >>>>>> stage Data Ingestion stage completed <<<<<<

x==========x]
[2024-02-03 19:45:39,637: INFO: main: >>>>>> stage Data Validation stage started <<<<<<]
[2024-02-03 19:45:39,641: INFO: common: yaml file: config\config.yaml loaded successfully]
[2024-02-03 19:45:39,644: INFO: common: yaml file: params.yaml loaded successfully]
[2024-02-03 19:45:39,645: INFO: common: created directory at: artifacts]
[2024-02-03 19:45:39,645: INFO: common: created directory at: artifacts/data_validation]
[2024-02-03 19:45:39,646: INFO: main: >>>>>> stage Data Validation stage completed <<<<<<

x==========x]
[2024-02-03 19:45:39,647: INFO: main: >>>>>> stage Data Transformation stage started <<<<<<]
[2024-02-03 19:45:39,654: INFO: common: yaml file: config\config.yaml loaded successfully]
[2024-02-03 19:45:39,654: INFO: common: yaml file: params.yaml loaded successfully]
[2024-02-03 19:45:39,654: INFO: common: created directory at: artifacts]
[2024-02-03 19:45:39,658: INFO: common: created directory at: artifacts/data_transformation]
[2024-02-03 19:45:53,284: INFO: main: >>>>>> stage Data Transformation stage completed <<<<<<

x==========x]
[2024-02-03 19:45:53,288: INFO: main: *******************]
[2024-02-03 19:45:53,290: INFO: main: >>>>>> stage Model Trainer stage started <<<<<<]
[2024-02-03 19:45:53,325: INFO: common: yaml file: config\config.yaml loaded successfully]
[2024-02-03 19:45:53,348: INFO: common: yaml file: params.yaml loaded successfully]
[2024-02-03 19:45:53,350: INFO: common: created directory at: artifacts]
[2024-02-03 19:45:53,355: INFO: common: created directory at: artifacts/model_trainer]
[2024-02-03 19:49:05,583: ERROR: main: Using the `Trainer` with `PyTorch` requires `accelerate>=0.21.0`: Please run `pip install transformers[torch]` or `pip install accelerate -U`]
Traceback (most recent call last):
  File "D:\Wonderful service with Wonderful pay\Data Science Coding\DATA SCIENCE PYTHON PROJECTS\Text-Summarization-NLP-Project-main\main.py", line 51, in <module>
    model_trainer.main()
  File "d:\wonderful service with wonderful pay\data science coding\data science python projects\text-summarization-nlp-project-main\src\textSummarizer\pipeline\stage_04_model_trainer.py", line 14, in main
    model_trainer_config.train()
  File "d:\wonderful service with wonderful pay\data science coding\data science python projects\text-summarization-nlp-project-main\src\textSummarizer\conponents\model_trainer.py", line 34, in train
    trainer_args = TrainingArguments(
  File "<string>", line 121, in __init__
  File "D:\Python\anaconda3\lib\site-packages\transformers\training_args.py", line 1483, in __post_init__
    and (self.device.type != "cuda")
  File "D:\Python\anaconda3\lib\site-packages\transformers\training_args.py", line 1921, in device
    return self._setup_devices
  File "D:\Python\anaconda3\lib\site-packages\transformers\utils\generic.py", line 54, in __get__
    cached = self.fget(obj)
  File "D:\Python\anaconda3\lib\site-packages\transformers\training_args.py", line 1831, in _setup_devices
    raise ImportError(
ImportError: Using the `Trainer` with `PyTorch` requires `accelerate>=0.21.0`: Please run `pip install transformers[torch]` or `pip install accelerate -U`
[2024-02-03 20:09:30,455: INFO: server: Started server process [5144]]
[2024-02-03 20:09:30,457: INFO: on: Waiting for application startup.]
[2024-02-03 20:09:30,458: INFO: on: Application startup complete.]
[2024-02-03 20:09:30,460: INFO: server: Uvicorn running on http://0.0.0.0:8080 (Press CTRL+C to quit)]
[2024-02-03 20:10:51,038: INFO: utils: NumExpr defaulting to 8 threads.]
[2024-02-03 20:10:53,637: INFO: config: PyTorch version 2.2.0 available.]
[2024-02-03 20:10:59,416: INFO: main: >>>>>> stage Data Ingestion stage started <<<<<<]
[2024-02-03 20:10:59,433: INFO: common: yaml file: config\config.yaml loaded successfully]
[2024-02-03 20:10:59,436: INFO: common: yaml file: params.yaml loaded successfully]
[2024-02-03 20:10:59,437: INFO: common: created directory at: artifacts]
[2024-02-03 20:10:59,437: INFO: common: created directory at: artifacts/data_ingestion]
[2024-02-03 20:10:59,438: INFO: data_ingestion: File already exists of size: ~ 7718 KB]
[2024-02-03 20:10:59,917: INFO: main: >>>>>> stage Data Ingestion stage completed <<<<<<

x==========x]
[2024-02-03 20:10:59,917: INFO: main: >>>>>> stage Data Validation stage started <<<<<<]
[2024-02-03 20:10:59,917: INFO: common: yaml file: config\config.yaml loaded successfully]
[2024-02-03 20:10:59,917: INFO: common: yaml file: params.yaml loaded successfully]
[2024-02-03 20:10:59,917: INFO: common: created directory at: artifacts]
[2024-02-03 20:10:59,917: INFO: common: created directory at: artifacts/data_validation]
[2024-02-03 20:10:59,917: INFO: main: >>>>>> stage Data Validation stage completed <<<<<<

x==========x]
[2024-02-03 20:10:59,932: INFO: main: >>>>>> stage Data Transformation stage started <<<<<<]
[2024-02-03 20:10:59,938: INFO: common: yaml file: config\config.yaml loaded successfully]
[2024-02-03 20:10:59,938: INFO: common: yaml file: params.yaml loaded successfully]
[2024-02-03 20:10:59,938: INFO: common: created directory at: artifacts]
[2024-02-03 20:10:59,938: INFO: common: created directory at: artifacts/data_transformation]
[2024-02-03 20:11:03,104: INFO: main: >>>>>> stage Data Transformation stage completed <<<<<<

x==========x]
[2024-02-03 20:11:03,104: INFO: main: *******************]
[2024-02-03 20:11:03,104: INFO: main: >>>>>> stage Model Trainer stage started <<<<<<]
[2024-02-03 20:11:03,116: INFO: common: yaml file: config\config.yaml loaded successfully]
[2024-02-03 20:11:03,118: INFO: common: yaml file: params.yaml loaded successfully]
[2024-02-03 20:11:03,118: INFO: common: created directory at: artifacts]
[2024-02-03 20:11:03,118: INFO: common: created directory at: artifacts/model_trainer]
